05-11-2018 10:53:23.910 [main] INFO  c.s.register.RegisterNewApplication.logStarting - Starting RegisterNewApplication on cgi with PID 9713 (started by cgi in /home/cgi/moviesNew_with test_cases)
05-11-2018 10:53:23.921 [main] INFO  c.s.register.RegisterNewApplication.logStartupProfileInfo - No active profile set, falling back to default profiles: default
05-11-2018 10:53:24.038 [main] INFO  o.s.b.w.s.c.AnnotationConfigServletWebServerApplicationContext.prepareRefresh - Refreshing org.springframework.boot.web.servlet.context.AnnotationConfigServletWebServerApplicationContext@4bbf6d0e: startup date [Mon Nov 05 10:53:24 IST 2018]; root of context hierarchy
05-11-2018 10:53:26.152 [main] INFO  o.s.c.s.PostProcessorRegistrationDelegate$BeanPostProcessorChecker.postProcessAfterInitialization - Bean 'org.springframework.transaction.annotation.ProxyTransactionManagementConfiguration' of type [org.springframework.transaction.annotation.ProxyTransactionManagementConfiguration$$EnhancerBySpringCGLIB$$9f00afbb] is not eligible for getting processed by all BeanPostProcessors (for example: not eligible for auto-proxying)
05-11-2018 10:53:26.804 [main] INFO  o.s.b.w.e.tomcat.TomcatWebServer.initialize - Tomcat initialized with port(s): 8080 (http)
05-11-2018 10:53:26.835 [main] INFO  o.a.catalina.core.StandardService.log - Starting service [Tomcat]
05-11-2018 10:53:26.836 [main] INFO  o.a.catalina.core.StandardEngine.log - Starting Servlet Engine: Apache Tomcat/8.5.34
05-11-2018 10:53:26.848 [localhost-startStop-1] INFO  o.a.c.core.AprLifecycleListener.log - The APR based Apache Tomcat Native library which allows optimal performance in production environments was not found on the java.library.path: [/usr/java/packages/lib:/usr/lib64:/lib64:/lib:/usr/lib]
05-11-2018 10:53:26.990 [localhost-startStop-1] INFO  o.a.c.c.C.[Tomcat].[localhost].[/].log - Initializing Spring embedded WebApplicationContext
05-11-2018 10:53:27.134 [localhost-startStop-1] INFO  o.s.b.w.s.ServletRegistrationBean.addRegistration - Servlet dispatcherServlet mapped to [/]
05-11-2018 10:53:27.136 [localhost-startStop-1] INFO  o.s.b.w.s.ServletRegistrationBean.addRegistration - Servlet webServlet mapped to [/h2-console/*]
05-11-2018 10:53:27.140 [localhost-startStop-1] INFO  o.s.b.w.s.FilterRegistrationBean.configure - Mapping filter: 'characterEncodingFilter' to: [/*]
05-11-2018 10:53:27.140 [localhost-startStop-1] INFO  o.s.b.w.s.FilterRegistrationBean.configure - Mapping filter: 'hiddenHttpMethodFilter' to: [/*]
05-11-2018 10:53:27.141 [localhost-startStop-1] INFO  o.s.b.w.s.FilterRegistrationBean.configure - Mapping filter: 'httpPutFormContentFilter' to: [/*]
05-11-2018 10:53:27.141 [localhost-startStop-1] INFO  o.s.b.w.s.FilterRegistrationBean.configure - Mapping filter: 'requestContextFilter' to: [/*]
05-11-2018 10:53:27.312 [main] INFO  com.zaxxer.hikari.HikariDataSource.getConnection - HikariPool-1 - Starting...
05-11-2018 10:53:27.495 [main] INFO  com.zaxxer.hikari.HikariDataSource.getConnection - HikariPool-1 - Start completed.
05-11-2018 10:53:27.558 [main] INFO  o.s.o.j.LocalContainerEntityManagerFactoryBean.createNativeEntityManagerFactory - Building JPA container EntityManagerFactory for persistence unit 'default'
05-11-2018 10:53:27.576 [main] INFO  o.h.jpa.internal.util.LogHelper.logPersistenceUnitInformation - HHH000204: Processing PersistenceUnitInfo [
	name: default
	...]
05-11-2018 10:53:27.665 [main] INFO  org.hibernate.Version.logVersion - HHH000412: Hibernate Core {5.2.17.Final}
05-11-2018 10:53:27.666 [main] INFO  org.hibernate.cfg.Environment.<clinit> - HHH000206: hibernate.properties not found
05-11-2018 10:53:27.805 [main] INFO  o.h.annotations.common.Version.<clinit> - HCANN000001: Hibernate Commons Annotations {5.0.1.Final}
05-11-2018 10:53:27.917 [main] INFO  org.hibernate.dialect.Dialect.<init> - HHH000400: Using dialect: org.hibernate.dialect.H2Dialect
05-11-2018 10:53:28.432 [main] INFO  o.h.t.s.internal.SchemaCreatorImpl.applyImportSources - HHH000476: Executing import script 'org.hibernate.tool.schema.internal.exec.ScriptSourceInputNonExistentImpl@6d4502ca'
05-11-2018 10:53:28.436 [main] INFO  o.s.o.j.LocalContainerEntityManagerFactoryBean.buildNativeEntityManagerFactory - Initialized JPA EntityManagerFactory for persistence unit 'default'
05-11-2018 10:53:29.288 [main] WARN  o.s.b.a.o.j.JpaBaseConfiguration$JpaWebConfiguration$JpaWebMvcConfiguration.openEntityManagerInViewInterceptor - spring.jpa.open-in-view is enabled by default. Therefore, database queries may be performed during view rendering. Explicitly configure spring.jpa.open-in-view to disable this warning
05-11-2018 10:53:29.594 [main] INFO  s.d.s.w.PropertySourcedRequestMappingHandlerMapping.initHandlerMethods - Mapped URL path [/v2/api-docs] onto method [public org.springframework.http.ResponseEntity<springfox.documentation.spring.web.json.Json> springfox.documentation.swagger2.web.Swagger2Controller.getDocumentation(java.lang.String,javax.servlet.http.HttpServletRequest)]
05-11-2018 10:53:30.250 [main] INFO  o.s.j.e.a.AnnotationMBeanExporter.afterSingletonsInstantiated - Registering beans for JMX exposure on startup
05-11-2018 10:53:30.254 [main] INFO  o.s.j.e.a.AnnotationMBeanExporter.autodetect - Bean with name 'dataSource' has been autodetected for JMX exposure
05-11-2018 10:53:30.262 [main] INFO  o.s.j.e.a.AnnotationMBeanExporter.registerBeanInstance - Located MBean 'dataSource': registering with JMX server as MBean [com.zaxxer.hikari:name=dataSource,type=HikariDataSource]
05-11-2018 10:53:30.272 [main] INFO  o.s.c.s.DefaultLifecycleProcessor.start - Starting beans in phase 2147483647
05-11-2018 10:53:30.273 [main] INFO  s.d.s.w.p.DocumentationPluginsBootstrapper.start - Context refreshed
05-11-2018 10:53:30.300 [main] INFO  s.d.s.w.p.DocumentationPluginsBootstrapper.start - Found 1 custom documentation plugin(s)
05-11-2018 10:53:30.327 [main] INFO  s.d.s.w.s.ApiListingReferenceScanner.scan - Scanning for api listing references
05-11-2018 10:53:30.622 [main] INFO  o.s.b.w.e.tomcat.TomcatWebServer.start - Tomcat started on port(s): 8080 (http) with context path ''
05-11-2018 10:53:30.629 [main] INFO  c.s.register.RegisterNewApplication.logStarted - Started RegisterNewApplication in 7.902 seconds (JVM running for 9.072)
05-11-2018 10:53:38.849 [http-nio-8080-exec-1] INFO  o.a.c.c.C.[Tomcat].[localhost].[/].log - Initializing Spring FrameworkServlet 'dispatcherServlet'
05-11-2018 10:54:10.498 [http-nio-8080-exec-3] ERROR c.s.r.controller.MovieController.saveUser - The given id must not be null!; nested exception is java.lang.IllegalArgumentException: The given id must not be null!
05-11-2018 10:54:53.793 [http-nio-8080-exec-4] INFO  o.h.h.i.QueryTranslatorFactoryInitiator.initiateService - HHH000397: Using ASTQueryTranslatorFactory
05-11-2018 10:54:53.932 [http-nio-8080-exec-4] ERROR c.s.r.controller.MovieController.saveUser - ids for this class must be manually assigned before calling save(): com.stackroute.register.domain.User; nested exception is org.hibernate.id.IdentifierGenerationException: ids for this class must be manually assigned before calling save(): com.stackroute.register.domain.User
05-11-2018 10:55:25.062 [http-nio-8080-exec-5] ERROR c.s.r.controller.MovieController.saveUser - ids for this class must be manually assigned before calling save(): com.stackroute.register.domain.User; nested exception is org.hibernate.id.IdentifierGenerationException: ids for this class must be manually assigned before calling save(): com.stackroute.register.domain.User
05-11-2018 10:56:08.242 [Thread-3] INFO  o.s.b.w.s.c.AnnotationConfigServletWebServerApplicationContext.doClose - Closing org.springframework.boot.web.servlet.context.AnnotationConfigServletWebServerApplicationContext@4bbf6d0e: startup date [Mon Nov 05 10:53:24 IST 2018]; root of context hierarchy
05-11-2018 10:56:08.246 [Thread-3] INFO  o.s.c.s.DefaultLifecycleProcessor.stop - Stopping beans in phase 2147483647
05-11-2018 10:56:08.247 [Thread-3] INFO  o.s.j.e.a.AnnotationMBeanExporter.destroy - Unregistering JMX-exposed beans on shutdown
05-11-2018 10:56:08.248 [Thread-3] INFO  o.s.j.e.a.AnnotationMBeanExporter.unregisterBeans - Unregistering JMX-exposed beans
05-11-2018 10:56:08.253 [Thread-3] INFO  o.s.o.j.LocalContainerEntityManagerFactoryBean.destroy - Closing JPA EntityManagerFactory for persistence unit 'default'
05-11-2018 10:56:08.255 [Thread-3] INFO  o.h.t.s.i.SchemaDropperImpl$DelayedDropActionImpl.perform - HHH000477: Starting delayed drop of schema as part of SessionFactory shut-down'
05-11-2018 10:56:08.283 [Thread-3] INFO  com.zaxxer.hikari.HikariDataSource.close - HikariPool-1 - Shutdown initiated...
05-11-2018 10:56:08.287 [Thread-3] INFO  com.zaxxer.hikari.HikariDataSource.close - HikariPool-1 - Shutdown completed.
05-11-2018 10:56:37.947 [main] INFO  c.s.register.RegisterNewApplication.logStarting - Starting RegisterNewApplication on cgi with PID 11214 (started by cgi in /home/cgi/moviesNew_with test_cases)
05-11-2018 10:56:37.973 [main] INFO  c.s.register.RegisterNewApplication.logStartupProfileInfo - No active profile set, falling back to default profiles: default
05-11-2018 10:56:38.224 [main] INFO  o.s.b.w.s.c.AnnotationConfigServletWebServerApplicationContext.prepareRefresh - Refreshing org.springframework.boot.web.servlet.context.AnnotationConfigServletWebServerApplicationContext@102cec62: startup date [Mon Nov 05 10:56:38 IST 2018]; root of context hierarchy
05-11-2018 10:56:44.071 [main] INFO  o.s.c.s.PostProcessorRegistrationDelegate$BeanPostProcessorChecker.postProcessAfterInitialization - Bean 'org.springframework.transaction.annotation.ProxyTransactionManagementConfiguration' of type [org.springframework.transaction.annotation.ProxyTransactionManagementConfiguration$$EnhancerBySpringCGLIB$$22fec602] is not eligible for getting processed by all BeanPostProcessors (for example: not eligible for auto-proxying)
05-11-2018 10:56:44.850 [main] INFO  o.s.b.w.e.tomcat.TomcatWebServer.initialize - Tomcat initialized with port(s): 8080 (http)
05-11-2018 10:56:44.891 [main] INFO  o.a.catalina.core.StandardService.log - Starting service [Tomcat]
05-11-2018 10:56:44.892 [main] INFO  o.a.catalina.core.StandardEngine.log - Starting Servlet Engine: Apache Tomcat/8.5.34
05-11-2018 10:56:44.907 [localhost-startStop-1] INFO  o.a.c.core.AprLifecycleListener.log - The APR based Apache Tomcat Native library which allows optimal performance in production environments was not found on the java.library.path: [/usr/java/packages/lib:/usr/lib64:/lib64:/lib:/usr/lib]
05-11-2018 10:56:45.083 [localhost-startStop-1] INFO  o.a.c.c.C.[Tomcat].[localhost].[/].log - Initializing Spring embedded WebApplicationContext
05-11-2018 10:56:45.190 [localhost-startStop-1] INFO  o.s.b.w.s.ServletRegistrationBean.addRegistration - Servlet dispatcherServlet mapped to [/]
05-11-2018 10:56:45.195 [localhost-startStop-1] INFO  o.s.b.w.s.ServletRegistrationBean.addRegistration - Servlet webServlet mapped to [/h2-console/*]
05-11-2018 10:56:45.200 [localhost-startStop-1] INFO  o.s.b.w.s.FilterRegistrationBean.configure - Mapping filter: 'characterEncodingFilter' to: [/*]
05-11-2018 10:56:45.201 [localhost-startStop-1] INFO  o.s.b.w.s.FilterRegistrationBean.configure - Mapping filter: 'hiddenHttpMethodFilter' to: [/*]
05-11-2018 10:56:45.202 [localhost-startStop-1] INFO  o.s.b.w.s.FilterRegistrationBean.configure - Mapping filter: 'httpPutFormContentFilter' to: [/*]
05-11-2018 10:56:45.202 [localhost-startStop-1] INFO  o.s.b.w.s.FilterRegistrationBean.configure - Mapping filter: 'requestContextFilter' to: [/*]
05-11-2018 10:56:45.410 [main] INFO  com.zaxxer.hikari.HikariDataSource.getConnection - HikariPool-1 - Starting...
05-11-2018 10:56:45.567 [main] INFO  com.zaxxer.hikari.HikariDataSource.getConnection - HikariPool-1 - Start completed.
05-11-2018 10:56:45.629 [main] INFO  o.s.o.j.LocalContainerEntityManagerFactoryBean.createNativeEntityManagerFactory - Building JPA container EntityManagerFactory for persistence unit 'default'
05-11-2018 10:56:45.650 [main] INFO  o.h.jpa.internal.util.LogHelper.logPersistenceUnitInformation - HHH000204: Processing PersistenceUnitInfo [
	name: default
	...]
05-11-2018 10:56:45.742 [main] INFO  org.hibernate.Version.logVersion - HHH000412: Hibernate Core {5.2.17.Final}
05-11-2018 10:56:45.743 [main] INFO  org.hibernate.cfg.Environment.<clinit> - HHH000206: hibernate.properties not found
05-11-2018 10:56:45.786 [main] INFO  o.h.annotations.common.Version.<clinit> - HCANN000001: Hibernate Commons Annotations {5.0.1.Final}
05-11-2018 10:56:45.917 [main] INFO  org.hibernate.dialect.Dialect.<init> - HHH000400: Using dialect: org.hibernate.dialect.H2Dialect
05-11-2018 10:56:46.489 [main] INFO  o.h.t.s.internal.SchemaCreatorImpl.applyImportSources - HHH000476: Executing import script 'org.hibernate.tool.schema.internal.exec.ScriptSourceInputNonExistentImpl@356f20b7'
05-11-2018 10:56:46.492 [main] INFO  o.s.o.j.LocalContainerEntityManagerFactoryBean.buildNativeEntityManagerFactory - Initialized JPA EntityManagerFactory for persistence unit 'default'
05-11-2018 10:56:47.198 [main] WARN  o.s.b.a.o.j.JpaBaseConfiguration$JpaWebConfiguration$JpaWebMvcConfiguration.openEntityManagerInViewInterceptor - spring.jpa.open-in-view is enabled by default. Therefore, database queries may be performed during view rendering. Explicitly configure spring.jpa.open-in-view to disable this warning
05-11-2018 10:56:47.429 [main] INFO  s.d.s.w.PropertySourcedRequestMappingHandlerMapping.initHandlerMethods - Mapped URL path [/v2/api-docs] onto method [public org.springframework.http.ResponseEntity<springfox.documentation.spring.web.json.Json> springfox.documentation.swagger2.web.Swagger2Controller.getDocumentation(java.lang.String,javax.servlet.http.HttpServletRequest)]
05-11-2018 10:56:48.044 [main] INFO  o.s.j.e.a.AnnotationMBeanExporter.afterSingletonsInstantiated - Registering beans for JMX exposure on startup
05-11-2018 10:56:48.047 [main] INFO  o.s.j.e.a.AnnotationMBeanExporter.autodetect - Bean with name 'dataSource' has been autodetected for JMX exposure
05-11-2018 10:56:48.054 [main] INFO  o.s.j.e.a.AnnotationMBeanExporter.registerBeanInstance - Located MBean 'dataSource': registering with JMX server as MBean [com.zaxxer.hikari:name=dataSource,type=HikariDataSource]
05-11-2018 10:56:48.063 [main] INFO  o.s.c.s.DefaultLifecycleProcessor.start - Starting beans in phase 2147483647
05-11-2018 10:56:48.064 [main] INFO  s.d.s.w.p.DocumentationPluginsBootstrapper.start - Context refreshed
05-11-2018 10:56:48.088 [main] INFO  s.d.s.w.p.DocumentationPluginsBootstrapper.start - Found 1 custom documentation plugin(s)
05-11-2018 10:56:48.114 [main] INFO  s.d.s.w.s.ApiListingReferenceScanner.scan - Scanning for api listing references
05-11-2018 10:56:48.367 [main] INFO  o.s.b.w.e.tomcat.TomcatWebServer.start - Tomcat started on port(s): 8080 (http) with context path ''
05-11-2018 10:56:48.374 [main] INFO  c.s.register.RegisterNewApplication.logStarted - Started RegisterNewApplication in 12.57 seconds (JVM running for 14.78)
05-11-2018 10:57:01.742 [http-nio-8080-exec-1] INFO  o.a.c.c.C.[Tomcat].[localhost].[/].log - Initializing Spring FrameworkServlet 'dispatcherServlet'
05-11-2018 10:57:01.919 [http-nio-8080-exec-1] INFO  o.h.h.i.QueryTranslatorFactoryInitiator.initiateService - HHH000397: Using ASTQueryTranslatorFactory
05-11-2018 10:57:02.087 [http-nio-8080-exec-1] ERROR c.s.r.controller.MovieController.saveUser - ids for this class must be manually assigned before calling save(): com.stackroute.register.domain.User; nested exception is org.hibernate.id.IdentifierGenerationException: ids for this class must be manually assigned before calling save(): com.stackroute.register.domain.User
05-11-2018 10:59:31.002 [Thread-3] INFO  o.s.b.w.s.c.AnnotationConfigServletWebServerApplicationContext.doClose - Closing org.springframework.boot.web.servlet.context.AnnotationConfigServletWebServerApplicationContext@102cec62: startup date [Mon Nov 05 10:56:38 IST 2018]; root of context hierarchy
05-11-2018 10:59:31.006 [Thread-3] INFO  o.s.c.s.DefaultLifecycleProcessor.stop - Stopping beans in phase 2147483647
05-11-2018 10:59:31.007 [Thread-3] INFO  o.s.j.e.a.AnnotationMBeanExporter.destroy - Unregistering JMX-exposed beans on shutdown
05-11-2018 10:59:31.009 [Thread-3] INFO  o.s.j.e.a.AnnotationMBeanExporter.unregisterBeans - Unregistering JMX-exposed beans
05-11-2018 10:59:31.013 [Thread-3] INFO  o.s.o.j.LocalContainerEntityManagerFactoryBean.destroy - Closing JPA EntityManagerFactory for persistence unit 'default'
05-11-2018 10:59:31.014 [Thread-3] INFO  o.h.t.s.i.SchemaDropperImpl$DelayedDropActionImpl.perform - HHH000477: Starting delayed drop of schema as part of SessionFactory shut-down'
05-11-2018 10:59:31.025 [Thread-3] INFO  com.zaxxer.hikari.HikariDataSource.close - HikariPool-1 - Shutdown initiated...
05-11-2018 10:59:31.029 [Thread-3] INFO  com.zaxxer.hikari.HikariDataSource.close - HikariPool-1 - Shutdown completed.
05-11-2018 10:59:36.732 [main] INFO  c.s.register.RegisterNewApplication.logStarting - Starting RegisterNewApplication on cgi with PID 12419 (started by cgi in /home/cgi/moviesNew_with test_cases)
05-11-2018 10:59:36.746 [main] INFO  c.s.register.RegisterNewApplication.logStartupProfileInfo - No active profile set, falling back to default profiles: default
05-11-2018 10:59:36.892 [main] INFO  o.s.b.w.s.c.AnnotationConfigServletWebServerApplicationContext.prepareRefresh - Refreshing org.springframework.boot.web.servlet.context.AnnotationConfigServletWebServerApplicationContext@791d1f8b: startup date [Mon Nov 05 10:59:36 IST 2018]; root of context hierarchy
05-11-2018 10:59:39.262 [main] INFO  o.s.c.s.PostProcessorRegistrationDelegate$BeanPostProcessorChecker.postProcessAfterInitialization - Bean 'org.springframework.transaction.annotation.ProxyTransactionManagementConfiguration' of type [org.springframework.transaction.annotation.ProxyTransactionManagementConfiguration$$EnhancerBySpringCGLIB$$38d49e67] is not eligible for getting processed by all BeanPostProcessors (for example: not eligible for auto-proxying)
05-11-2018 10:59:39.863 [main] INFO  o.s.b.w.e.tomcat.TomcatWebServer.initialize - Tomcat initialized with port(s): 8080 (http)
05-11-2018 10:59:39.903 [main] INFO  o.a.catalina.core.StandardService.log - Starting service [Tomcat]
05-11-2018 10:59:39.904 [main] INFO  o.a.catalina.core.StandardEngine.log - Starting Servlet Engine: Apache Tomcat/8.5.34
05-11-2018 10:59:39.927 [localhost-startStop-1] INFO  o.a.c.core.AprLifecycleListener.log - The APR based Apache Tomcat Native library which allows optimal performance in production environments was not found on the java.library.path: [/usr/java/packages/lib:/usr/lib64:/lib64:/lib:/usr/lib]
05-11-2018 10:59:40.084 [localhost-startStop-1] INFO  o.a.c.c.C.[Tomcat].[localhost].[/].log - Initializing Spring embedded WebApplicationContext
05-11-2018 10:59:40.229 [localhost-startStop-1] INFO  o.s.b.w.s.ServletRegistrationBean.addRegistration - Servlet dispatcherServlet mapped to [/]
05-11-2018 10:59:40.231 [localhost-startStop-1] INFO  o.s.b.w.s.ServletRegistrationBean.addRegistration - Servlet webServlet mapped to [/h2-console/*]
05-11-2018 10:59:40.236 [localhost-startStop-1] INFO  o.s.b.w.s.FilterRegistrationBean.configure - Mapping filter: 'characterEncodingFilter' to: [/*]
05-11-2018 10:59:40.237 [localhost-startStop-1] INFO  o.s.b.w.s.FilterRegistrationBean.configure - Mapping filter: 'hiddenHttpMethodFilter' to: [/*]
05-11-2018 10:59:40.237 [localhost-startStop-1] INFO  o.s.b.w.s.FilterRegistrationBean.configure - Mapping filter: 'httpPutFormContentFilter' to: [/*]
05-11-2018 10:59:40.237 [localhost-startStop-1] INFO  o.s.b.w.s.FilterRegistrationBean.configure - Mapping filter: 'requestContextFilter' to: [/*]
05-11-2018 10:59:40.433 [main] INFO  com.zaxxer.hikari.HikariDataSource.getConnection - HikariPool-1 - Starting...
05-11-2018 10:59:40.590 [main] INFO  com.zaxxer.hikari.HikariDataSource.getConnection - HikariPool-1 - Start completed.
05-11-2018 10:59:40.654 [main] INFO  o.s.o.j.LocalContainerEntityManagerFactoryBean.createNativeEntityManagerFactory - Building JPA container EntityManagerFactory for persistence unit 'default'
05-11-2018 10:59:40.676 [main] INFO  o.h.jpa.internal.util.LogHelper.logPersistenceUnitInformation - HHH000204: Processing PersistenceUnitInfo [
	name: default
	...]
05-11-2018 10:59:40.756 [main] INFO  org.hibernate.Version.logVersion - HHH000412: Hibernate Core {5.2.17.Final}
05-11-2018 10:59:40.757 [main] INFO  org.hibernate.cfg.Environment.<clinit> - HHH000206: hibernate.properties not found
05-11-2018 10:59:40.797 [main] INFO  o.h.annotations.common.Version.<clinit> - HCANN000001: Hibernate Commons Annotations {5.0.1.Final}
05-11-2018 10:59:40.920 [main] INFO  org.hibernate.dialect.Dialect.<init> - HHH000400: Using dialect: org.hibernate.dialect.H2Dialect
05-11-2018 10:59:41.439 [main] INFO  o.h.t.s.internal.SchemaCreatorImpl.applyImportSources - HHH000476: Executing import script 'org.hibernate.tool.schema.internal.exec.ScriptSourceInputNonExistentImpl@22604c7e'
05-11-2018 10:59:41.442 [main] INFO  o.s.o.j.LocalContainerEntityManagerFactoryBean.buildNativeEntityManagerFactory - Initialized JPA EntityManagerFactory for persistence unit 'default'
05-11-2018 10:59:42.291 [main] WARN  o.s.b.a.o.j.JpaBaseConfiguration$JpaWebConfiguration$JpaWebMvcConfiguration.openEntityManagerInViewInterceptor - spring.jpa.open-in-view is enabled by default. Therefore, database queries may be performed during view rendering. Explicitly configure spring.jpa.open-in-view to disable this warning
05-11-2018 10:59:42.584 [main] INFO  s.d.s.w.PropertySourcedRequestMappingHandlerMapping.initHandlerMethods - Mapped URL path [/v2/api-docs] onto method [public org.springframework.http.ResponseEntity<springfox.documentation.spring.web.json.Json> springfox.documentation.swagger2.web.Swagger2Controller.getDocumentation(java.lang.String,javax.servlet.http.HttpServletRequest)]
05-11-2018 10:59:43.318 [main] INFO  o.s.j.e.a.AnnotationMBeanExporter.afterSingletonsInstantiated - Registering beans for JMX exposure on startup
05-11-2018 10:59:43.322 [main] INFO  o.s.j.e.a.AnnotationMBeanExporter.autodetect - Bean with name 'dataSource' has been autodetected for JMX exposure
05-11-2018 10:59:43.330 [main] INFO  o.s.j.e.a.AnnotationMBeanExporter.registerBeanInstance - Located MBean 'dataSource': registering with JMX server as MBean [com.zaxxer.hikari:name=dataSource,type=HikariDataSource]
05-11-2018 10:59:43.339 [main] INFO  o.s.c.s.DefaultLifecycleProcessor.start - Starting beans in phase 2147483647
05-11-2018 10:59:43.340 [main] INFO  s.d.s.w.p.DocumentationPluginsBootstrapper.start - Context refreshed
05-11-2018 10:59:43.374 [main] INFO  s.d.s.w.p.DocumentationPluginsBootstrapper.start - Found 1 custom documentation plugin(s)
05-11-2018 10:59:43.410 [main] INFO  s.d.s.w.s.ApiListingReferenceScanner.scan - Scanning for api listing references
05-11-2018 10:59:43.693 [main] INFO  o.s.b.w.e.tomcat.TomcatWebServer.start - Tomcat started on port(s): 8080 (http) with context path ''
05-11-2018 10:59:43.700 [main] INFO  c.s.register.RegisterNewApplication.logStarted - Started RegisterNewApplication in 8.017 seconds (JVM running for 9.32)
05-11-2018 10:59:52.493 [http-nio-8080-exec-1] INFO  o.a.c.c.C.[Tomcat].[localhost].[/].log - Initializing Spring FrameworkServlet 'dispatcherServlet'
05-11-2018 10:59:52.636 [http-nio-8080-exec-1] INFO  o.h.h.i.QueryTranslatorFactoryInitiator.initiateService - HHH000397: Using ASTQueryTranslatorFactory
05-11-2018 10:59:52.759 [http-nio-8080-exec-1] ERROR c.s.r.controller.MovieController.saveUser - ids for this class must be manually assigned before calling save(): com.stackroute.register.domain.User; nested exception is org.hibernate.id.IdentifierGenerationException: ids for this class must be manually assigned before calling save(): com.stackroute.register.domain.User
05-11-2018 11:02:31.706 [main] INFO  c.s.register.RegisterNewApplication.logStarting - Starting RegisterNewApplication on cgi with PID 13602 (started by cgi in /home/cgi/moviesNew_with test_cases)
05-11-2018 11:02:31.724 [main] INFO  c.s.register.RegisterNewApplication.logStartupProfileInfo - No active profile set, falling back to default profiles: default
05-11-2018 11:02:31.726 [Thread-3] INFO  o.s.b.w.s.c.AnnotationConfigServletWebServerApplicationContext.doClose - Closing org.springframework.boot.web.servlet.context.AnnotationConfigServletWebServerApplicationContext@791d1f8b: startup date [Mon Nov 05 10:59:36 IST 2018]; root of context hierarchy
05-11-2018 11:02:31.746 [Thread-3] INFO  o.s.c.s.DefaultLifecycleProcessor.stop - Stopping beans in phase 2147483647
05-11-2018 11:02:31.756 [Thread-3] INFO  o.s.j.e.a.AnnotationMBeanExporter.destroy - Unregistering JMX-exposed beans on shutdown
05-11-2018 11:02:31.757 [Thread-3] INFO  o.s.j.e.a.AnnotationMBeanExporter.unregisterBeans - Unregistering JMX-exposed beans
05-11-2018 11:02:31.762 [Thread-3] INFO  o.s.o.j.LocalContainerEntityManagerFactoryBean.destroy - Closing JPA EntityManagerFactory for persistence unit 'default'
05-11-2018 11:02:31.763 [Thread-3] INFO  o.h.t.s.i.SchemaDropperImpl$DelayedDropActionImpl.perform - HHH000477: Starting delayed drop of schema as part of SessionFactory shut-down'
05-11-2018 11:02:31.821 [Thread-3] INFO  com.zaxxer.hikari.HikariDataSource.close - HikariPool-1 - Shutdown initiated...
05-11-2018 11:02:31.849 [Thread-3] INFO  com.zaxxer.hikari.HikariDataSource.close - HikariPool-1 - Shutdown completed.
05-11-2018 11:02:31.909 [main] INFO  o.s.b.w.s.c.AnnotationConfigServletWebServerApplicationContext.prepareRefresh - Refreshing org.springframework.boot.web.servlet.context.AnnotationConfigServletWebServerApplicationContext@4bbf6d0e: startup date [Mon Nov 05 11:02:31 IST 2018]; root of context hierarchy
05-11-2018 11:02:35.259 [main] INFO  o.s.c.s.PostProcessorRegistrationDelegate$BeanPostProcessorChecker.postProcessAfterInitialization - Bean 'org.springframework.transaction.annotation.ProxyTransactionManagementConfiguration' of type [org.springframework.transaction.annotation.ProxyTransactionManagementConfiguration$$EnhancerBySpringCGLIB$$c8701036] is not eligible for getting processed by all BeanPostProcessors (for example: not eligible for auto-proxying)
05-11-2018 11:02:36.060 [main] INFO  o.s.b.w.e.tomcat.TomcatWebServer.initialize - Tomcat initialized with port(s): 8080 (http)
05-11-2018 11:02:36.155 [main] INFO  o.a.catalina.core.StandardService.log - Starting service [Tomcat]
05-11-2018 11:02:36.156 [main] INFO  o.a.catalina.core.StandardEngine.log - Starting Servlet Engine: Apache Tomcat/8.5.34
05-11-2018 11:02:36.189 [localhost-startStop-1] INFO  o.a.c.core.AprLifecycleListener.log - The APR based Apache Tomcat Native library which allows optimal performance in production environments was not found on the java.library.path: [/usr/java/packages/lib:/usr/lib64:/lib64:/lib:/usr/lib]
05-11-2018 11:02:36.563 [localhost-startStop-1] INFO  o.a.c.c.C.[Tomcat].[localhost].[/].log - Initializing Spring embedded WebApplicationContext
05-11-2018 11:02:36.747 [localhost-startStop-1] INFO  o.s.b.w.s.ServletRegistrationBean.addRegistration - Servlet dispatcherServlet mapped to [/]
05-11-2018 11:02:36.749 [localhost-startStop-1] INFO  o.s.b.w.s.ServletRegistrationBean.addRegistration - Servlet webServlet mapped to [/h2-console/*]
05-11-2018 11:02:36.753 [localhost-startStop-1] INFO  o.s.b.w.s.FilterRegistrationBean.configure - Mapping filter: 'characterEncodingFilter' to: [/*]
05-11-2018 11:02:36.755 [localhost-startStop-1] INFO  o.s.b.w.s.FilterRegistrationBean.configure - Mapping filter: 'hiddenHttpMethodFilter' to: [/*]
05-11-2018 11:02:36.755 [localhost-startStop-1] INFO  o.s.b.w.s.FilterRegistrationBean.configure - Mapping filter: 'httpPutFormContentFilter' to: [/*]
05-11-2018 11:02:36.756 [localhost-startStop-1] INFO  o.s.b.w.s.FilterRegistrationBean.configure - Mapping filter: 'requestContextFilter' to: [/*]
05-11-2018 11:02:37.029 [main] INFO  com.zaxxer.hikari.HikariDataSource.getConnection - HikariPool-1 - Starting...
05-11-2018 11:02:37.288 [main] INFO  com.zaxxer.hikari.HikariDataSource.getConnection - HikariPool-1 - Start completed.
05-11-2018 11:02:37.432 [main] INFO  o.s.o.j.LocalContainerEntityManagerFactoryBean.createNativeEntityManagerFactory - Building JPA container EntityManagerFactory for persistence unit 'default'
05-11-2018 11:02:37.459 [main] INFO  o.h.jpa.internal.util.LogHelper.logPersistenceUnitInformation - HHH000204: Processing PersistenceUnitInfo [
	name: default
	...]
05-11-2018 11:02:37.633 [main] INFO  org.hibernate.Version.logVersion - HHH000412: Hibernate Core {5.2.17.Final}
05-11-2018 11:02:37.638 [main] INFO  org.hibernate.cfg.Environment.<clinit> - HHH000206: hibernate.properties not found
05-11-2018 11:02:37.688 [main] INFO  o.h.annotations.common.Version.<clinit> - HCANN000001: Hibernate Commons Annotations {5.0.1.Final}
05-11-2018 11:02:37.798 [main] INFO  org.hibernate.dialect.Dialect.<init> - HHH000400: Using dialect: org.hibernate.dialect.H2Dialect
05-11-2018 11:02:38.323 [main] INFO  o.h.t.s.internal.SchemaCreatorImpl.applyImportSources - HHH000476: Executing import script 'org.hibernate.tool.schema.internal.exec.ScriptSourceInputNonExistentImpl@44485db'
05-11-2018 11:02:38.326 [main] INFO  o.s.o.j.LocalContainerEntityManagerFactoryBean.buildNativeEntityManagerFactory - Initialized JPA EntityManagerFactory for persistence unit 'default'
05-11-2018 11:02:39.218 [main] WARN  o.s.b.a.o.j.JpaBaseConfiguration$JpaWebConfiguration$JpaWebMvcConfiguration.openEntityManagerInViewInterceptor - spring.jpa.open-in-view is enabled by default. Therefore, database queries may be performed during view rendering. Explicitly configure spring.jpa.open-in-view to disable this warning
05-11-2018 11:02:39.451 [main] INFO  s.d.s.w.PropertySourcedRequestMappingHandlerMapping.initHandlerMethods - Mapped URL path [/v2/api-docs] onto method [public org.springframework.http.ResponseEntity<springfox.documentation.spring.web.json.Json> springfox.documentation.swagger2.web.Swagger2Controller.getDocumentation(java.lang.String,javax.servlet.http.HttpServletRequest)]
05-11-2018 11:02:40.143 [main] INFO  o.s.j.e.a.AnnotationMBeanExporter.afterSingletonsInstantiated - Registering beans for JMX exposure on startup
05-11-2018 11:02:40.147 [main] INFO  o.s.j.e.a.AnnotationMBeanExporter.autodetect - Bean with name 'dataSource' has been autodetected for JMX exposure
05-11-2018 11:02:40.156 [main] INFO  o.s.j.e.a.AnnotationMBeanExporter.registerBeanInstance - Located MBean 'dataSource': registering with JMX server as MBean [com.zaxxer.hikari:name=dataSource,type=HikariDataSource]
05-11-2018 11:02:40.165 [main] INFO  o.s.c.s.DefaultLifecycleProcessor.start - Starting beans in phase 2147483647
05-11-2018 11:02:40.166 [main] INFO  s.d.s.w.p.DocumentationPluginsBootstrapper.start - Context refreshed
05-11-2018 11:02:40.200 [main] INFO  s.d.s.w.p.DocumentationPluginsBootstrapper.start - Found 1 custom documentation plugin(s)
05-11-2018 11:02:40.236 [main] INFO  s.d.s.w.s.ApiListingReferenceScanner.scan - Scanning for api listing references
05-11-2018 11:02:40.539 [main] INFO  o.s.b.w.e.tomcat.TomcatWebServer.start - Tomcat started on port(s): 8080 (http) with context path ''
05-11-2018 11:02:40.546 [main] INFO  c.s.register.RegisterNewApplication.logStarted - Started RegisterNewApplication in 10.046 seconds (JVM running for 10.917)
05-11-2018 11:02:49.086 [http-nio-8080-exec-1] INFO  o.a.c.c.C.[Tomcat].[localhost].[/].log - Initializing Spring FrameworkServlet 'dispatcherServlet'
05-11-2018 11:02:49.304 [http-nio-8080-exec-1] INFO  o.h.h.i.QueryTranslatorFactoryInitiator.initiateService - HHH000397: Using ASTQueryTranslatorFactory
05-11-2018 11:02:49.549 [http-nio-8080-exec-1] ERROR c.s.r.controller.MovieController.saveUser - ids for this class must be manually assigned before calling save(): com.stackroute.register.domain.User; nested exception is org.hibernate.id.IdentifierGenerationException: ids for this class must be manually assigned before calling save(): com.stackroute.register.domain.User
05-11-2018 11:03:32.137 [Thread-3] INFO  o.s.b.w.s.c.AnnotationConfigServletWebServerApplicationContext.doClose - Closing org.springframework.boot.web.servlet.context.AnnotationConfigServletWebServerApplicationContext@4bbf6d0e: startup date [Mon Nov 05 11:02:31 IST 2018]; root of context hierarchy
05-11-2018 11:03:32.155 [Thread-3] INFO  o.s.c.s.DefaultLifecycleProcessor.stop - Stopping beans in phase 2147483647
05-11-2018 11:03:32.156 [Thread-3] INFO  o.s.j.e.a.AnnotationMBeanExporter.destroy - Unregistering JMX-exposed beans on shutdown
05-11-2018 11:03:32.164 [Thread-3] INFO  o.s.j.e.a.AnnotationMBeanExporter.unregisterBeans - Unregistering JMX-exposed beans
05-11-2018 11:03:32.171 [Thread-3] INFO  o.s.o.j.LocalContainerEntityManagerFactoryBean.destroy - Closing JPA EntityManagerFactory for persistence unit 'default'
05-11-2018 11:03:32.172 [Thread-3] INFO  o.h.t.s.i.SchemaDropperImpl$DelayedDropActionImpl.perform - HHH000477: Starting delayed drop of schema as part of SessionFactory shut-down'
05-11-2018 11:03:32.201 [Thread-3] INFO  com.zaxxer.hikari.HikariDataSource.close - HikariPool-1 - Shutdown initiated...
05-11-2018 11:03:32.206 [Thread-3] INFO  com.zaxxer.hikari.HikariDataSource.close - HikariPool-1 - Shutdown completed.
05-11-2018 11:09:56.474 [main] INFO  c.s.register.RegisterNewApplication.logStarting - Starting RegisterNewApplication on cgi with PID 16699 (started by cgi in /home/cgi/moviesNew_with test_cases)
05-11-2018 11:09:56.521 [main] INFO  c.s.register.RegisterNewApplication.logStartupProfileInfo - No active profile set, falling back to default profiles: default
05-11-2018 11:09:56.783 [main] INFO  o.s.b.w.s.c.AnnotationConfigServletWebServerApplicationContext.prepareRefresh - Refreshing org.springframework.boot.web.servlet.context.AnnotationConfigServletWebServerApplicationContext@16c069df: startup date [Mon Nov 05 11:09:56 IST 2018]; root of context hierarchy
05-11-2018 11:10:00.888 [main] INFO  o.s.d.r.c.RepositoryConfigurationDelegate.multipleStoresDetected - Multiple Spring Data modules found, entering strict repository configuration mode!
05-11-2018 11:10:01.012 [main] INFO  o.s.d.r.c.RepositoryConfigurationExtensionSupport.isStrictRepositoryCandidate - Spring Data JPA - Could not safely identify store assignment for repository candidate interface com.stackroute.register.repository.UserRepository.
05-11-2018 11:10:01.138 [main] INFO  o.s.d.r.c.RepositoryConfigurationDelegate.multipleStoresDetected - Multiple Spring Data modules found, entering strict repository configuration mode!
05-11-2018 11:10:02.623 [main] INFO  o.s.c.s.PostProcessorRegistrationDelegate$BeanPostProcessorChecker.postProcessAfterInitialization - Bean 'org.springframework.transaction.annotation.ProxyTransactionManagementConfiguration' of type [org.springframework.transaction.annotation.ProxyTransactionManagementConfiguration$$EnhancerBySpringCGLIB$$15003363] is not eligible for getting processed by all BeanPostProcessors (for example: not eligible for auto-proxying)
05-11-2018 11:10:03.143 [main] INFO  o.s.b.w.e.tomcat.TomcatWebServer.initialize - Tomcat initialized with port(s): 8080 (http)
05-11-2018 11:10:03.177 [main] INFO  o.a.catalina.core.StandardService.log - Starting service [Tomcat]
05-11-2018 11:10:03.177 [main] INFO  o.a.catalina.core.StandardEngine.log - Starting Servlet Engine: Apache Tomcat/8.5.34
05-11-2018 11:10:03.188 [localhost-startStop-1] INFO  o.a.c.core.AprLifecycleListener.log - The APR based Apache Tomcat Native library which allows optimal performance in production environments was not found on the java.library.path: [/usr/java/packages/lib:/usr/lib64:/lib64:/lib:/usr/lib]
05-11-2018 11:10:03.306 [localhost-startStop-1] INFO  o.a.c.c.C.[Tomcat].[localhost].[/].log - Initializing Spring embedded WebApplicationContext
05-11-2018 11:10:03.411 [localhost-startStop-1] INFO  o.s.b.w.s.ServletRegistrationBean.addRegistration - Servlet dispatcherServlet mapped to [/]
05-11-2018 11:10:03.416 [localhost-startStop-1] INFO  o.s.b.w.s.FilterRegistrationBean.configure - Mapping filter: 'characterEncodingFilter' to: [/*]
05-11-2018 11:10:03.416 [localhost-startStop-1] INFO  o.s.b.w.s.FilterRegistrationBean.configure - Mapping filter: 'hiddenHttpMethodFilter' to: [/*]
05-11-2018 11:10:03.417 [localhost-startStop-1] INFO  o.s.b.w.s.FilterRegistrationBean.configure - Mapping filter: 'httpPutFormContentFilter' to: [/*]
05-11-2018 11:10:03.417 [localhost-startStop-1] INFO  o.s.b.w.s.FilterRegistrationBean.configure - Mapping filter: 'requestContextFilter' to: [/*]
05-11-2018 11:10:03.588 [main] INFO  com.zaxxer.hikari.HikariDataSource.getConnection - HikariPool-1 - Starting...
05-11-2018 11:10:03.754 [main] INFO  com.zaxxer.hikari.HikariDataSource.getConnection - HikariPool-1 - Start completed.
05-11-2018 11:10:03.820 [main] INFO  o.s.o.j.LocalContainerEntityManagerFactoryBean.createNativeEntityManagerFactory - Building JPA container EntityManagerFactory for persistence unit 'default'
05-11-2018 11:10:03.839 [main] INFO  o.h.jpa.internal.util.LogHelper.logPersistenceUnitInformation - HHH000204: Processing PersistenceUnitInfo [
	name: default
	...]
05-11-2018 11:10:03.930 [main] INFO  org.hibernate.Version.logVersion - HHH000412: Hibernate Core {5.2.17.Final}
05-11-2018 11:10:03.932 [main] INFO  org.hibernate.cfg.Environment.<clinit> - HHH000206: hibernate.properties not found
05-11-2018 11:10:03.987 [main] INFO  o.h.annotations.common.Version.<clinit> - HCANN000001: Hibernate Commons Annotations {5.0.1.Final}
05-11-2018 11:10:04.162 [main] INFO  org.hibernate.dialect.Dialect.<init> - HHH000400: Using dialect: org.hibernate.dialect.H2Dialect
05-11-2018 11:10:04.502 [main] INFO  o.h.t.s.internal.SchemaCreatorImpl.applyImportSources - HHH000476: Executing import script 'org.hibernate.tool.schema.internal.exec.ScriptSourceInputNonExistentImpl@6c830ebd'
05-11-2018 11:10:04.506 [main] INFO  o.s.o.j.LocalContainerEntityManagerFactoryBean.buildNativeEntityManagerFactory - Initialized JPA EntityManagerFactory for persistence unit 'default'
05-11-2018 11:10:05.159 [main] INFO  org.mongodb.driver.cluster.info - Cluster created with settings {hosts=[localhost:27017], mode=SINGLE, requiredClusterType=UNKNOWN, serverSelectionTimeout='30000 ms', maxWaitQueueSize=500}
05-11-2018 11:10:05.348 [cluster-ClusterId{value='5bdfd7b52a8076413b901d4b', description='null'}-localhost:27017] INFO  org.mongodb.driver.connection.info - Opened connection [connectionId{localValue:1, serverValue:1}] to localhost:27017
05-11-2018 11:10:05.353 [cluster-ClusterId{value='5bdfd7b52a8076413b901d4b', description='null'}-localhost:27017] INFO  org.mongodb.driver.cluster.info - Monitor thread successfully connected to server with description ServerDescription{address=localhost:27017, type=STANDALONE, state=CONNECTED, ok=true, version=ServerVersion{versionList=[3, 6, 3]}, minWireVersion=0, maxWireVersion=6, maxDocumentSize=16777216, logicalSessionTimeoutMinutes=30, roundTripTimeNanos=3855317}
05-11-2018 11:10:06.238 [main] WARN  o.s.b.a.o.j.JpaBaseConfiguration$JpaWebConfiguration$JpaWebMvcConfiguration.openEntityManagerInViewInterceptor - spring.jpa.open-in-view is enabled by default. Therefore, database queries may be performed during view rendering. Explicitly configure spring.jpa.open-in-view to disable this warning
05-11-2018 11:10:06.479 [main] INFO  s.d.s.w.PropertySourcedRequestMappingHandlerMapping.initHandlerMethods - Mapped URL path [/v2/api-docs] onto method [public org.springframework.http.ResponseEntity<springfox.documentation.spring.web.json.Json> springfox.documentation.swagger2.web.Swagger2Controller.getDocumentation(java.lang.String,javax.servlet.http.HttpServletRequest)]
05-11-2018 11:10:07.119 [main] INFO  o.s.j.e.a.AnnotationMBeanExporter.afterSingletonsInstantiated - Registering beans for JMX exposure on startup
05-11-2018 11:10:07.122 [main] INFO  o.s.j.e.a.AnnotationMBeanExporter.autodetect - Bean with name 'dataSource' has been autodetected for JMX exposure
05-11-2018 11:10:07.131 [main] INFO  o.s.j.e.a.AnnotationMBeanExporter.registerBeanInstance - Located MBean 'dataSource': registering with JMX server as MBean [com.zaxxer.hikari:name=dataSource,type=HikariDataSource]
05-11-2018 11:10:07.141 [main] INFO  o.s.c.s.DefaultLifecycleProcessor.start - Starting beans in phase 2147483647
05-11-2018 11:10:07.143 [main] INFO  s.d.s.w.p.DocumentationPluginsBootstrapper.start - Context refreshed
05-11-2018 11:10:07.189 [main] INFO  s.d.s.w.p.DocumentationPluginsBootstrapper.start - Found 1 custom documentation plugin(s)
05-11-2018 11:10:07.218 [main] INFO  s.d.s.w.s.ApiListingReferenceScanner.scan - Scanning for api listing references
05-11-2018 11:10:07.481 [main] INFO  o.s.b.w.e.tomcat.TomcatWebServer.start - Tomcat started on port(s): 8080 (http) with context path ''
05-11-2018 11:10:07.487 [main] INFO  c.s.register.RegisterNewApplication.logStarted - Started RegisterNewApplication in 13.744 seconds (JVM running for 16.45)
05-11-2018 11:10:52.115 [http-nio-8080-exec-1] INFO  o.a.c.c.C.[Tomcat].[localhost].[/].log - Initializing Spring FrameworkServlet 'dispatcherServlet'
05-11-2018 11:10:52.401 [http-nio-8080-exec-1] INFO  org.mongodb.driver.connection.info - Opened connection [connectionId{localValue:2, serverValue:2}] to localhost:27017
